

HI-TECH Software 8051 Macro Assembler V9.60                                Page 1
                                                       Tue May 13 10:22:50 2025

     1                           	psect	idata,class=DATA,space=1,limit=080h
     2                           	psect	irdata,class=DATA,limit=080h
     3                           	global	_msec
     4                           	signat	_msec,4216
     5                           	global	stack_internal
     6                           	psect	text,class=CODE
     7                           	psect	text
     8                           	file	"D:\CU\4\4\name3\project1\main.c"
     9                           	line	3
    10  00003                     _msec:
    11  00003  80 4C              	j	f1411
    12  00005                     f1410:
    13                           ;main.c: 2: void msec (int x)
    14                           
    15                           ;main.c: 3: {
    16                           
    17                           ;	var   _i assigned to ?a_msec+0
    18                           ;main.c: 4: int i;
    19                           
    20                           ;main.c: 5: for(i=0; i<20*x; i++){
    21                           
    22                           	line	5
    23  00005  E4                 	clr	a
    24  00006  F5 2D              	mov	?a_msec+0,a
    25  00008  F5 2E              	mov	?a_msec+0+1,a
    26                           ;	var   _x assigned to ?a_msec+2
    27                           ;_x stored from WR2
    28                           	line	4
    29  0000A  8C 2F              	mov	?a_msec+2,r4
    30  0000C  8D 30              	mov	?a_msec+2+1,r5
    31                           	line	5
    32  0000E  80 20              	jmp	l6
    33  00010                     l3:
    34                           ;main.c: 6: TH0 = 0;
    35                           
    36                           	line	6
    37  00010  75 8C 00           	mov	08Ch,#0
    38                           ;main.c: 7: TL0 = 0;
    39                           
    40                           	line	7
    41  00013  75 8A 00           	mov	08Ah,#0
    42                           ;main.c: 8: TR0 = 1;
    43                           
    44                           	line	8
    45  00016  D2 8C              	setb	tcon.4
    46                           ;main.c: 9: while (TH0<195);
    47                           
    48                           	line	9
    49  00018  80 00              	jmp	l7
    50  0001A                     l8:
    51  0001A                     l7:
    52  0001A  E5 8C              	mov	a,08Ch
    53  0001C  24 3D              	add	a,#--61
    54  0001E  50 02              	bnc	u11
    55  00020  80 02              	jmp	u10
    56  00022                     u11:
    57  00022  80 F6              	jmp	l8
    58  00024                     u10:
    59  00024                     l9:
    60                           ;main.c: 10: TR0 = 0;
    61                           
    62                           	line	10
    63  00024  C2 8C              	clr	tcon.4
    64                           ;main.c: 11: TF0 = 0;
    65                           
    66                           	line	11
    67  00026  C2 8D              	clr	tcon.5
    68                           	line	5
    69  00028  05 2E              	inc	?a_msec+0+1
    70  0002A  E5 2E              	mov	a,?a_msec+0+1
    71  0002C  70 02              	jnz	u20
    72  0002E  05 2D              	inc	?a_msec+0
    73  00030                     u20:
    74  00030                     l6:
    75  00030  7C 00              	mov	r4,#high (20)
    76  00032  7D 14              	mov	r5,#low (20)
    77  00034  AA 2F              	mov	r2,?a_msec+2
    78  00036  AB 30              	mov	r3,?a_msec+2+1
    79                           	global	awmul
    80  00038  12 00C3            	lcall	awmul
    81  0003B  C3                 	clr	c
    82  0003C  E5 2E              	mov	a,?a_msec+0+1
    83  0003E  9B                 	subb	a,r3
    84  0003F  8A F0              	mov	b,r2
    85  00041  63 F0 80           	xrl	b,#80h
    86  00044  E5 2D              	mov	a,?a_msec+0
    87  00046  64 80              	xrl	a,#80h
    88  00048  95 F0              	subb	a,b
    89  0004A  40 02              	bc	u31
    90  0004C  80 02              	jmp	u30
    91  0004E                     u31:
    92  0004E  80 C0              	jmp	l3
    93  00050                     u30:
    94  00050                     l4:
    95                           ;main.c: 12: }
    96                           
    97                           ;main.c: 13: }
    98                           
    99                           	line	13
   100  00050                     l2:
   101  00050  22                 	ret
   102  00051                     f1411:
   103  00051  80 B2              	j	f1410
   104                           	FNSIZE	_msec,4,0
   105                           	global	?a_msec
   106  0000                     f1412	equ	0
   107                           	global	_main
   108                           	signat	_main,88
   109                           	line	15
   110  00053                     _main:
   111  00053  80 6C              	j	f1421
   112  00055                     f1420:
   113                           ;main.c: 14: void main()
   114                           
   115                           ;main.c: 15: {
   116                           
   117                           ;	var   _i assigned to ?a_main+0
   118                           ;	var   _array assigned to ?a_main+2
   119                           ;	var   _queue assigned to ?a_main+8
   120                           ;main.c: 16: int i;
   121                           
   122                           ;main.c: 17: const unsigned char array[6];
   123                           
   124                           ;main.c: 18: const unsigned char queue[5];
   125                           
   126                           ;main.c: 19: TMOD=0x1;
   127                           
   128                           	line	19
   129  00055  75 89 01           	mov	089h,#1
   130                           ;main.c: 20: array[0]=0b00000010;
   131                           
   132                           	line	20
   133  00058  75 22  02          	mov	?a_main+2,#2
   134                           ;main.c: 21: array[1] = 0b00000100;
   135                           
   136                           	line	21
   137  0005B  75 23  04          	mov	0+?a_main+2+01h,#4
   138                           ;main.c: 22: array[2]= 0b00100000;
   139                           
   140                           	line	22
   141  0005E  75 24  20          	mov	0+?a_main+2+02h,#32
   142                           ;main.c: 23: array[3] = 0b01000000;
   143                           
   144                           	line	23
   145  00061  75 25  40          	mov	0+?a_main+2+03h,#64
   146                           ;main.c: 24: array[4] = 0b10000001;
   147                           
   148                           	line	24
   149  00064  75 26  81          	mov	0+?a_main+2+04h,#129
   150                           ;main.c: 25: array[5] = 0b00011000;
   151                           
   152                           	line	25
   153  00067  75 27  18          	mov	0+?a_main+2+05h,#24
   154                           ;main.c: 27: queue[0]= 1.5;
   155                           
   156                           	line	27
   157  0006A  75 28  01          	mov	?a_main+8,#1
   158                           ;main.c: 28: queue[1] = 1.5;
   159                           
   160                           	line	28
   161  0006D  75 29  01          	mov	0+?a_main+8+01h,#1
   162                           ;main.c: 29: queue[2]= 2.5;
   163                           
   164                           	line	29
   165  00070  75 2A  02          	mov	0+?a_main+8+02h,#2
   166                           ;main.c: 30: queue[3] = 2.5;
   167                           
   168                           	line	30
   169  00073  75 2B  02          	mov	0+?a_main+8+03h,#2
   170                           ;main.c: 31: queue[4]= 5;
   171                           
   172                           	line	31
   173  00076  75 2C  05          	mov	0+?a_main+8+04h,#5
   174                           ;main.c: 33: for(i=0;i<6;i++)
   175                           
   176                           	line	33
   177  00079  E4                 	clr	a
   178  0007A  F5 20              	mov	?a_main+0,a
   179  0007C  F5 21              	mov	?a_main+0+1,a
   180  0007E  E5 21              	mov	a,?a_main+0+1
   181  00080  24 FA              	add	a,#low -(6)
   182  00082  E5 20              	mov	a,?a_main+0
   183  00084  64 80              	xrl	a,#80h
   184  00086  34 7F              	addc	a,#(high -(6))xor 80h
   185  00088  50 02              	bnc	u41
   186  0008A  80 02              	jmp	u40
   187  0008C                     u41:
   188  0008C  80 02              	jmp	l11
   189  0008E                     u40:
   190  0008E  80 2B              	jmp	l12
   191                           	line	34
   192  00090                     l11:
   193                           ;main.c: 34: {
   194                           
   195                           ;main.c: 35: P1=array[i];
   196                           
   197                           	line	35
   198  00090  74 22              	mov	a,#?a_main+2
   199  00092  25 21              	add	a,?a_main+0+1
   200  00094  F9                 	mov	r1,a
   201  00095  87 90              	mov	090h,@r1
   202                           ;main.c: 36: msec(queue[i]);
   203                           
   204                           	FNCALL	_main,_msec
   205                           	line	36
   206  00097  74 28              	mov	a,#?a_main+8
   207  00099  25 21              	add	a,?a_main+0+1
   208  0009B  F9                 	mov	r1,a
   209  0009C  E7                 	mov	a,@r1
   210  0009D  FD                 	mov	r5,a
   211  0009E  7C 00              	mov	r4,#0
   212  000A0  12 0003            	lcall	_msec
   213                           
   214                           	line	33
   215  000A3  05 21              	inc	?a_main+0+1
   216  000A5  E5 21              	mov	a,?a_main+0+1
   217  000A7  70 02              	jnz	u50
   218  000A9  05 20              	inc	?a_main+0
   219  000AB                     u50:
   220  000AB  E5 21              	mov	a,?a_main+0+1
   221  000AD  24 FA              	add	a,#low -(6)
   222  000AF  E5 20              	mov	a,?a_main+0
   223  000B1  64 80              	xrl	a,#80h
   224  000B3  34 7F              	addc	a,#(high -(6))xor 80h
   225  000B5  50 02              	bnc	u61
   226  000B7  80 02              	jmp	u60
   227  000B9                     u61:
   228  000B9  80 D5              	jmp	l11
   229  000BB                     u60:
   230  000BB                     l12:
   231                           ;main.c: 37: }
   232                           
   233                           ;main.c: 38: P1 = 0;
   234                           
   235                           	line	38
   236  000BB  75 90 00           	mov	090h,#0
   237                           ;main.c: 39: while(1);
   238                           
   239                           	line	39
   240  000BE                     l15:
   241  000BE                     l14:
   242  000BE  80 FE              	jmp	l15
   243  000C0                     l16:
   244                           ;main.c: 40: }
   245                           
   246                           	line	40
   247  000C0                     l10:
   248  000C0  22                 	ret
   249  000C1                     f1421:
   250  000C1  80 92              	j	f1420
   251                           	FNSIZE	_main,13,0
   252                           	global	?a_main
   253  0000                     f1422	equ	0
   254  0000                     _A10	equ	162
   255  0000                     _A11	equ	163
   256  0000                     _A12	equ	164
   257  0000                     _A13	equ	165
   258  0000                     _A14	equ	166
   259  0000                     _A15	equ	167
   260+ 0000                     _A8	equ	160
   261+ 0000                     _A9	equ	161
   262  0000                     _AC	equ	214
   263  0000                     _ACC0	equ	224
   264  0000                     _ACC1	equ	225
   265  0000                     _ACC2	equ	226
   266  0000                     _ACC3	equ	227
   267  0000                     _ACC4	equ	228
   268  0000                     _ACC5	equ	229
   269  0000                     _ACC6	equ	230
   270  0000                     _ACC7	equ	231
   271  0000                     _AD0	equ	128
   272  0000                     _AD1	equ	129
   273  0000                     _AD2	equ	130
   274  0000                     _AD3	equ	131
   275  0000                     _AD4	equ	132
   276  0000                     _AD5	equ	133
   277  0000                     _AD6	equ	134
   278  0000                     _AD7	equ	135
   279  0000                     _B0	equ	240
   280  0000                     _B1	equ	241
   281  0000                     _B2	equ	242
   282  0000                     _B3	equ	243
   283  0000                     _B4	equ	244
   284  0000                     _B5	equ	245
   285  0000                     _B6	equ	246
   286  0000                     _B7	equ	247
   287  0000                     _CY	equ	215
   288  0000                     _EA	equ	175
   289  0000                     _ES	equ	172
   290  0000                     _ET0	equ	169
   291  0000                     _ET1	equ	171
   292  0000                     _EX0	equ	168
   293  0000                     _EX1	equ	170
   294  0000                     _F0	equ	213
   295  0000                     _IE0	equ	137
   296  0000                     _IE1	equ	139
   297  0000                     _INT0	equ	178
   298  0000                     _INT1	equ	179
   299  0000                     _IT0	equ	136
   300  0000                     _IT1	equ	138
   301  0000                     _OV	equ	210
   302  0000                     _P	equ	208
   303  0000                     _P00	equ	128
   304  0000                     _P01	equ	129
   305  0000                     _P02	equ	130
   306  0000                     _P03	equ	131
   307  0000                     _P04	equ	132
   308  0000                     _P05	equ	133
   309  0000                     _P06	equ	134
   310  0000                     _P07	equ	135
   311  0000                     _P10	equ	144
   312  0000                     _P11	equ	145
   313  0000                     _P12	equ	146
   314  0000                     _P13	equ	147
   315  0000                     _P14	equ	148
   316  0000                     _P15	equ	149
   317  0000                     _P16	equ	150
   318  0000                     _P17	equ	151
   319  0000                     _P20	equ	160
   320  0000                     _P21	equ	161
   321  0000                     _P22	equ	162
   322  0000                     _P23	equ	163
   323  0000                     _P24	equ	164
   324  0000                     _P25	equ	165
   325  0000                     _P26	equ	166
   326  0000                     _P27	equ	167
   327  0000                     _P30	equ	176
   328  0000                     _P31	equ	177
   329  0000                     _P32	equ	178
   330  0000                     _P33	equ	179
   331  0000                     _P34	equ	180
   332  0000                     _P35	equ	181
   333  0000                     _P36	equ	182
   334  0000                     _P37	equ	183
   335  0000                     _PS	equ	188
   336  0000                     _PT0	equ	185
   337  0000                     _PT1	equ	187
   338  0000                     _PX0	equ	184
   339  0000                     _PX1	equ	186
   340  0000                     _RB8	equ	154
   341  0000                     _RD	equ	183
   342  0000                     _REN	equ	156
   343  0000                     _RI	equ	152
   344  0000                     _RS0	equ	211
   345  0000                     _RS1	equ	212
   346  0000                     _RXD	equ	176
   347  0000                     _SM0	equ	159
   348  0000                     _SM1	equ	158
   349  0000                     _SM2	equ	157
   350  0000                     _T0	equ	180
   351  0000                     _T1	equ	181
   352  0000                     _TB8	equ	155
   353  0000                     _TF0	equ	141
   354  0000                     _TF1	equ	143
   355  0000                     _TI	equ	153
   356  0000                     _TR0	equ	140
   357  0000                     _TR1	equ	142
   358  0000                     _TXD	equ	177
   359  0000                     _WR	equ	182
   360  0000                     _ACC	equ	224
   361  0000                     _B	equ	240
   362  0000                     _DPH	equ	131
   363  0000                     _DPL	equ	130
   364  0000                     _IE	equ	168
   365  0000                     _IP	equ	184
   366  0000                     _P0	equ	128
   367  0000                     _P1	equ	144
   368  0000                     _P2	equ	160
   369  0000                     _P3	equ	176
   370  0000                     _PCON	equ	135
   371  0000                     _PSW	equ	208
   372  0000                     _SBUF	equ	153
   373  0000                     _SCON	equ	152
   374  0000                     _SP	equ	129
   375  0000                     _TCON	equ	136
   376  0000                     _TH0	equ	140
   377  0000                     _TH1	equ	141
   378  0000                     _TL0	equ	138
   379  0000                     _TL1	equ	139
   380  0000                     _TMOD	equ	137
   381  0000                     _ACC_BITS	equ	224
   382  0000                     _B_BITS	equ	240
   383  0000                     _IE_BITS	equ	168
   384  0000                     _IP_BITS	equ	184
   385  0000                     _P0_BITS	equ	128
   386  0000                     _P1_BITS	equ	144
   387  0000                     _P2_BITS	equ	160
   388  0000                     _P3_BITS	equ	176
   389  0000                     _PCON_BITS	equ	135
   390  0000                     _PSW_BITS	equ	208
   391  0000                     _SCON_BITS	equ	152
   392  0000                     _TCON_BITS	equ	136
   393  0000                     _TMOD_BITS	equ	137


HI-TECH Software 8051 Macro Assembler V9.60                                Page 2
Symbol Table                                           Tue May 13 10:22:50 2025

       ?a_main 00020              _B 000F0              l2 00050  
            l3 00010              l4 00050              _P 000D0  
            l6 00030              l7 0001A              l8 0001A  
            l9 00024         ?a_msec 0002D             _B0 000F0  
           _B1 000F1             _B2 000F2             _B3 000F3  
           _B4 000F4             _B5 000F5             _B6 000F6  
           _A8 000A0             _B7 000F7             _A9 000A1  
           _F0 000D5             _AC 000D6             l10 000C0  
           l11 00090             l12 000BB             l14 000BE  
           _EA 000AF             l15 000BE             l16 000C0  
           _P0 00080             _P1 00090             _P2 000A0  
           _P3 000B0             _IE 000A8             _T0 000B4  
           _T1 000B5             _ES 000AC             _CY 000D7  
           _IP 000B8             _RD 000B7             u10 00024  
           u11 00022             u20 00030             _RI 00098  
           u30 00050             u31 0004E             u40 0008E  
           _TI 00099             u41 0008C             u50 000AB  
           _PS 000BC             _OV 000D2             u60 000BB  
           u61 000B9             _SP 00081             _WR 000B6  
       _B_BITS 000F0            _A10 000A2            _A11 000A3  
          _A12 000A4            _A13 000A5            _A14 000A6  
          _A15 000A7            _AD0 00080            _AD1 00081  
          _AD2 00082            _AD3 00083            _AD4 00084  
          _AD5 00085            _AD6 00086            _AD7 00087  
          _ACC 000E0            _P00 00080            _P01 00081  
          _P10 00090            _P02 00082            _P11 00091  
          _P03 00083            _P20 000A0            _P12 00092  
          _P04 00084            _P21 000A1            _P13 00093  
          _P05 00085            _P30 000B0            _P22 000A2  
          _P14 00094            _P06 00086            _P31 000B1  
          _P23 000A3            _P15 00095            _P07 00087  
          _P32 000B2            _P24 000A4            _P16 00096  
          _P33 000B3            _P25 000A5            _P17 00097  
          _P34 000B4            _P26 000A6            _P35 000B5  
          _P27 000A7            _P36 000B6            _P37 000B7  
          _IE0 00089            _IE1 0008B            _ET0 000A9  
          _ET1 000AB            _EX0 000A8            _EX1 000AA  
          _DPH 00083            _DPL 00082            _IT0 00088  
          _IT1 0008A            _RB8 0009A            _TF0 0008D  
          _TB8 0009B            _TF1 0008F            _TH0 0008C  
          _TH1 0008D            _SM0 0009F            _SM1 0009E  
          _TL0 0008A            _SM2 0009D            _PT0 000B9  
          _TL1 0008B            _PT1 000BB            _RS0 000D3  
          _RS1 000D4            _REN 0009C            _PX0 000B8  
          _PX1 000BA            _TR0 0008C            _TR1 0008E  
          _RXD 000B0            _PSW 000D0            _TXD 000B1  
      _P0_BITS 00080        _P1_BITS 00090        _P2_BITS 000A0  
      _P3_BITS 000B0        _IE_BITS 000A8       _ACC_BITS 000E0  
      _IP_BITS 000B8           f1410 00005           f1411 00051  
         f1420 00055           f1412 00000           f1421 000C1  
         f1422 00000           _ACC0 000E0           _ACC1 000E1  
         _ACC2 000E2           _ACC3 000E3           _ACC4 000E4  
         _ACC5 000E5           _ACC6 000E6           _ACC7 000E7  
stack_internal 00001           _INT0 000B2           _INT1 000B3  
         _PCON 00087           _SCON 00098           _SBUF 00099  
         _TCON 00088           _TMOD 00089           _main 00053  
         _msec 00003           awmul 000C3       _PSW_BITS 000D0  
    _PCON_BITS 00087      _SCON_BITS 00098      _TCON_BITS 00088  
    _TMOD_BITS 00089  
